2015-10-04 00:58:37 Error: Fatal Error (1): Call to a member function attributes() on null in [C:\WORKS\WS\Eclipse_Luna\Cake_FM_Viewer\app\Controller\NodesController.php, line 542]
2015-10-04 00:58:37 Error: [FatalErrorException] Call to a member function attributes() on null
Request URL: /Eclipse_Luna/Cake_FM_Viewer/nodes
Stack Trace:
#0 C:\WORKS\WS\Eclipse_Luna\Cake_FM_Viewer\lib\Cake\Error\ErrorHandler.php(213): ErrorHandler::handleFatalError(1, 'Call to a membe...', 'C:\\WORKS\\WS\\Ecl...', 542)
#1 [internal function]: ErrorHandler::handleError(1, 'Call to a membe...', 'C:\\WORKS\\WS\\Ecl...', 542, Array)
#2 C:\WORKS\WS\Eclipse_Luna\Cake_FM_Viewer\lib\Cake\Core\App.php(933): call_user_func('ErrorHandler::h...', 1, 'Call to a membe...', 'C:\\WORKS\\WS\\Ecl...', 542, Array)
#3 C:\WORKS\WS\Eclipse_Luna\Cake_FM_Viewer\lib\Cake\Core\App.php(906): App::_checkFatalError()
#4 [internal function]: App::shutdown()
#5 {main}
2015-10-04 01:20:50 Error: Fatal Error (1): Class 'Utils' not found in [C:\WORKS\WS\Eclipse_Luna\Cake_FM_Viewer\app\Controller\NodesController.php, line 22]
2015-10-04 01:20:50 Error: [FatalErrorException] Class 'Utils' not found
Request URL: /Eclipse_Luna/Cake_FM_Viewer/nodes
Stack Trace:
#0 C:\WORKS\WS\Eclipse_Luna\Cake_FM_Viewer\lib\Cake\Error\ErrorHandler.php(213): ErrorHandler::handleFatalError(1, 'Class 'Utils' n...', 'C:\\WORKS\\WS\\Ecl...', 22)
#1 [internal function]: ErrorHandler::handleError(1, 'Class 'Utils' n...', 'C:\\WORKS\\WS\\Ecl...', 22, Array)
#2 C:\WORKS\WS\Eclipse_Luna\Cake_FM_Viewer\lib\Cake\Core\App.php(933): call_user_func('ErrorHandler::h...', 1, 'Class 'Utils' n...', 'C:\\WORKS\\WS\\Ecl...', 22, Array)
#3 C:\WORKS\WS\Eclipse_Luna\Cake_FM_Viewer\lib\Cake\Core\App.php(906): App::_checkFatalError()
#4 [internal function]: App::shutdown()
#5 {main}
2015-10-04 23:58:53 Error: Fatal Error (1): Call to a member function children() on null in [C:\WORKS\WS\Eclipse_Luna\Cake_FM_Viewer\app\Lib\utils\utils.php, line 3187]
2015-10-04 23:58:53 Error: [FatalErrorException] Call to a member function children() on null
Request URL: /Eclipse_Luna/Cake_FM_Viewer/nodes
Stack Trace:
#0 C:\WORKS\WS\Eclipse_Luna\Cake_FM_Viewer\lib\Cake\Error\ErrorHandler.php(213): ErrorHandler::handleFatalError(1, 'Call to a membe...', 'C:\\WORKS\\WS\\Ecl...', 3187)
#1 [internal function]: ErrorHandler::handleError(1, 'Call to a membe...', 'C:\\WORKS\\WS\\Ecl...', 3187, Array)
#2 C:\WORKS\WS\Eclipse_Luna\Cake_FM_Viewer\lib\Cake\Core\App.php(933): call_user_func('ErrorHandler::h...', 1, 'Call to a membe...', 'C:\\WORKS\\WS\\Ecl...', 3187, Array)
#3 C:\WORKS\WS\Eclipse_Luna\Cake_FM_Viewer\lib\Cake\Core\App.php(906): App::_checkFatalError()
#4 [internal function]: App::shutdown()
#5 {main}
2015-10-05 00:25:55 Error: Fatal Error (1): Call to a member function attributes() on array in [C:\WORKS\WS\Eclipse_Luna\Cake_FM_Viewer\app\Lib\utils\utils.php, line 3192]
2015-10-05 00:25:55 Error: [FatalErrorException] Call to a member function attributes() on array
Request URL: /Eclipse_Luna/Cake_FM_Viewer/nodes
Stack Trace:
#0 C:\WORKS\WS\Eclipse_Luna\Cake_FM_Viewer\lib\Cake\Error\ErrorHandler.php(213): ErrorHandler::handleFatalError(1, 'Call to a membe...', 'C:\\WORKS\\WS\\Ecl...', 3192)
#1 [internal function]: ErrorHandler::handleError(1, 'Call to a membe...', 'C:\\WORKS\\WS\\Ecl...', 3192, Array)
#2 C:\WORKS\WS\Eclipse_Luna\Cake_FM_Viewer\lib\Cake\Core\App.php(933): call_user_func('ErrorHandler::h...', 1, 'Call to a membe...', 'C:\\WORKS\\WS\\Ecl...', 3192, Array)
#3 C:\WORKS\WS\Eclipse_Luna\Cake_FM_Viewer\lib\Cake\Core\App.php(906): App::_checkFatalError()
#4 [internal function]: App::shutdown()
#5 {main}
2015-10-05 00:28:49 Error: Fatal Error (1): Call to a member function attributes() on array in [C:\WORKS\WS\Eclipse_Luna\Cake_FM_Viewer\app\Lib\utils\utils.php, line 3253]
2015-10-05 00:28:49 Error: [FatalErrorException] Call to a member function attributes() on array
Request URL: /Eclipse_Luna/Cake_FM_Viewer/nodes
Stack Trace:
#0 C:\WORKS\WS\Eclipse_Luna\Cake_FM_Viewer\lib\Cake\Error\ErrorHandler.php(213): ErrorHandler::handleFatalError(1, 'Call to a membe...', 'C:\\WORKS\\WS\\Ecl...', 3253)
#1 [internal function]: ErrorHandler::handleError(1, 'Call to a membe...', 'C:\\WORKS\\WS\\Ecl...', 3253, Array)
#2 C:\WORKS\WS\Eclipse_Luna\Cake_FM_Viewer\lib\Cake\Core\App.php(933): call_user_func('ErrorHandler::h...', 1, 'Call to a membe...', 'C:\\WORKS\\WS\\Ecl...', 3253, Array)
#3 C:\WORKS\WS\Eclipse_Luna\Cake_FM_Viewer\lib\Cake\Core\App.php(906): App::_checkFatalError()
#4 [internal function]: App::shutdown()
#5 {main}
2015-10-05 00:30:24 Error: Fatal Error (1): Call to a member function children() on array in [C:\WORKS\WS\Eclipse_Luna\Cake_FM_Viewer\app\Lib\utils\utils.php, line 3281]
2015-10-05 00:30:24 Error: [FatalErrorException] Call to a member function children() on array
Request URL: /Eclipse_Luna/Cake_FM_Viewer/nodes
Stack Trace:
#0 C:\WORKS\WS\Eclipse_Luna\Cake_FM_Viewer\lib\Cake\Error\ErrorHandler.php(213): ErrorHandler::handleFatalError(1, 'Call to a membe...', 'C:\\WORKS\\WS\\Ecl...', 3281)
#1 [internal function]: ErrorHandler::handleError(1, 'Call to a membe...', 'C:\\WORKS\\WS\\Ecl...', 3281, Array)
#2 C:\WORKS\WS\Eclipse_Luna\Cake_FM_Viewer\lib\Cake\Core\App.php(933): call_user_func('ErrorHandler::h...', 1, 'Call to a membe...', 'C:\\WORKS\\WS\\Ecl...', 3281, Array)
#3 C:\WORKS\WS\Eclipse_Luna\Cake_FM_Viewer\lib\Cake\Core\App.php(906): App::_checkFatalError()
#4 [internal function]: App::shutdown()
#5 {main}
2015-10-05 00:31:13 Error: Fatal Error (1): Call to a member function children() on array in [C:\WORKS\WS\Eclipse_Luna\Cake_FM_Viewer\app\Lib\utils\utils.php, line 3283]
2015-10-05 00:31:13 Error: [FatalErrorException] Call to a member function children() on array
Request URL: /Eclipse_Luna/Cake_FM_Viewer/nodes
Stack Trace:
#0 C:\WORKS\WS\Eclipse_Luna\Cake_FM_Viewer\lib\Cake\Error\ErrorHandler.php(213): ErrorHandler::handleFatalError(1, 'Call to a membe...', 'C:\\WORKS\\WS\\Ecl...', 3283)
#1 [internal function]: ErrorHandler::handleError(1, 'Call to a membe...', 'C:\\WORKS\\WS\\Ecl...', 3283, Array)
#2 C:\WORKS\WS\Eclipse_Luna\Cake_FM_Viewer\lib\Cake\Core\App.php(933): call_user_func('ErrorHandler::h...', 1, 'Call to a membe...', 'C:\\WORKS\\WS\\Ecl...', 3283, Array)
#3 C:\WORKS\WS\Eclipse_Luna\Cake_FM_Viewer\lib\Cake\Core\App.php(906): App::_checkFatalError()
#4 [internal function]: App::shutdown()
#5 {main}
2015-10-05 00:31:41 Error: Fatal Error (1): Call to a member function children() on array in [C:\WORKS\WS\Eclipse_Luna\Cake_FM_Viewer\app\Lib\utils\utils.php, line 3283]
2015-10-05 00:31:41 Error: [FatalErrorException] Call to a member function children() on array
Request URL: /Eclipse_Luna/Cake_FM_Viewer/nodes
Stack Trace:
#0 C:\WORKS\WS\Eclipse_Luna\Cake_FM_Viewer\lib\Cake\Error\ErrorHandler.php(213): ErrorHandler::handleFatalError(1, 'Call to a membe...', 'C:\\WORKS\\WS\\Ecl...', 3283)
#1 [internal function]: ErrorHandler::handleError(1, 'Call to a membe...', 'C:\\WORKS\\WS\\Ecl...', 3283, Array)
#2 C:\WORKS\WS\Eclipse_Luna\Cake_FM_Viewer\lib\Cake\Core\App.php(933): call_user_func('ErrorHandler::h...', 1, 'Call to a membe...', 'C:\\WORKS\\WS\\Ecl...', 3283, Array)
#3 C:\WORKS\WS\Eclipse_Luna\Cake_FM_Viewer\lib\Cake\Core\App.php(906): App::_checkFatalError()
#4 [internal function]: App::shutdown()
#5 {main}
2015-10-05 00:33:36 Error: Fatal Error (4): syntax error, unexpected '$attrs_new_nodes_ary' (T_VARIABLE) in [C:\WORKS\WS\Eclipse_Luna\Cake_FM_Viewer\app\Lib\utils\utils.php, line 3214]
2015-10-05 00:33:36 Error: [FatalErrorException] syntax error, unexpected '$attrs_new_nodes_ary' (T_VARIABLE)
Request URL: /Eclipse_Luna/Cake_FM_Viewer/nodes
Stack Trace:
#0 C:\WORKS\WS\Eclipse_Luna\Cake_FM_Viewer\lib\Cake\Error\ErrorHandler.php(213): ErrorHandler::handleFatalError(4, 'syntax error, u...', 'C:\\WORKS\\WS\\Ecl...', 3214)
#1 [internal function]: ErrorHandler::handleError(4, 'syntax error, u...', 'C:\\WORKS\\WS\\Ecl...', 3214, Array)
#2 C:\WORKS\WS\Eclipse_Luna\Cake_FM_Viewer\lib\Cake\Core\App.php(933): call_user_func('ErrorHandler::h...', 4, 'syntax error, u...', 'C:\\WORKS\\WS\\Ecl...', 3214, Array)
#3 C:\WORKS\WS\Eclipse_Luna\Cake_FM_Viewer\lib\Cake\Core\App.php(906): App::_checkFatalError()
#4 [internal function]: App::shutdown()
#5 {main}
2015-10-05 00:33:46 Error: Fatal Error (1): Call to a member function children() on array in [C:\WORKS\WS\Eclipse_Luna\Cake_FM_Viewer\app\Lib\utils\utils.php, line 3283]
2015-10-05 00:33:46 Error: [FatalErrorException] Call to a member function children() on array
Request URL: /Eclipse_Luna/Cake_FM_Viewer/nodes
Stack Trace:
#0 C:\WORKS\WS\Eclipse_Luna\Cake_FM_Viewer\lib\Cake\Error\ErrorHandler.php(213): ErrorHandler::handleFatalError(1, 'Call to a membe...', 'C:\\WORKS\\WS\\Ecl...', 3283)
#1 [internal function]: ErrorHandler::handleError(1, 'Call to a membe...', 'C:\\WORKS\\WS\\Ecl...', 3283, Array)
#2 C:\WORKS\WS\Eclipse_Luna\Cake_FM_Viewer\lib\Cake\Core\App.php(933): call_user_func('ErrorHandler::h...', 1, 'Call to a membe...', 'C:\\WORKS\\WS\\Ecl...', 3283, Array)
#3 C:\WORKS\WS\Eclipse_Luna\Cake_FM_Viewer\lib\Cake\Core\App.php(906): App::_checkFatalError()
#4 [internal function]: App::shutdown()
#5 {main}
2015-10-05 00:35:20 Error: Fatal Error (1): Call to a member function children() on array in [C:\WORKS\WS\Eclipse_Luna\Cake_FM_Viewer\app\Lib\utils\utils.php, line 3283]
2015-10-05 00:35:20 Error: [FatalErrorException] Call to a member function children() on array
Request URL: /Eclipse_Luna/Cake_FM_Viewer/nodes
Stack Trace:
#0 C:\WORKS\WS\Eclipse_Luna\Cake_FM_Viewer\lib\Cake\Error\ErrorHandler.php(213): ErrorHandler::handleFatalError(1, 'Call to a membe...', 'C:\\WORKS\\WS\\Ecl...', 3283)
#1 [internal function]: ErrorHandler::handleError(1, 'Call to a membe...', 'C:\\WORKS\\WS\\Ecl...', 3283, Array)
#2 C:\WORKS\WS\Eclipse_Luna\Cake_FM_Viewer\lib\Cake\Core\App.php(933): call_user_func('ErrorHandler::h...', 1, 'Call to a membe...', 'C:\\WORKS\\WS\\Ecl...', 3283, Array)
#3 C:\WORKS\WS\Eclipse_Luna\Cake_FM_Viewer\lib\Cake\Core\App.php(906): App::_checkFatalError()
#4 [internal function]: App::shutdown()
#5 {main}
